<html>
<body>
<pre>
<h1>Vision Build Log</h1>
<h2>Project:</h2>
E:\c51项目\8×8点阵\1.uvproj
Project File Date:  03/03/2024

<h2>Output:</h2>
Build target '目标 1'
assembling STARTUP.A51...
linking...
*** WARNING L1: UNRESOLVED EXTERNAL SYMBOL
    SYMBOL:  ?C_START
    MODULE:  STARTUP.obj (?C_STARTUP)
*** WARNING L2: REFERENCE MADE TO UNRESOLVED EXTERNAL
    SYMBOL:  ?C_START
    MODULE:  STARTUP.obj (?C_STARTUP)
    ADDRESS: 000DH
Program Size: data=9.0 xdata=0 code=15
creating hex file from "main"...
"main" - 0 Error(s), 2 Warning(s).
compiling main.c...
main.c - 0 Error(s), 0 Warning(s).
compiling main.c...
MAIN.C(9): error C141: syntax error near 'char', expected ')'
MAIN.C(12): error C132: 'main': not in formal parameter list
MAIN.C(12): error C141: syntax error near '{'
main.c - 3 Error(s), 0 Warning(s).
compiling main.c...
MAIN.C(9): error C141: syntax error near 'char', expected ')'
main.c - 1 Error(s), 0 Warning(s).
compiling main.c...
MAIN.C(9): error C141: syntax error near 'char', expected ')'
main.c - 1 Error(s), 0 Warning(s).
compiling main.c...
MAIN.C(9): error C141: syntax error near 'char', expected ')'
main.c - 1 Error(s), 0 Warning(s).
compiling main.c...
main.c - 0 Error(s), 0 Warning(s).
compiling main.c...
MAIN.C(9): error C141: syntax error near 'char', expected ')'
main.c - 1 Error(s), 0 Warning(s).
compiling main.c...
MAIN.C(9): warning C280: 'byt': unreferenced local variable
main.c - 0 Error(s), 1 Warning(s).
compiling main.c...
main.c - 0 Error(s), 0 Warning(s).
Build target '目标 1'
linking...
*** WARNING L16: UNCALLED SEGMENT, IGNORED FOR OVERLAY PROCESS
    SEGMENT: ?PR?__74HC595_BYTE?MAIN
Program Size: data=9.0 xdata=0 code=22
creating hex file from "main"...
"main" - 0 Error(s), 1 Warning(s).
compiling main.c...
main.c - 0 Error(s), 0 Warning(s).
compiling main.c...
main.c - 0 Error(s), 0 Warning(s).
Build target '目标 1'
linking...
Program Size: data=9.0 xdata=0 code=74
creating hex file from "main"...
"main" - 0 Error(s), 0 Warning(s).
Build target '目标 1'
compiling main.c...
linking...
Program Size: data=9.0 xdata=0 code=74
creating hex file from "main"...
"main" - 0 Error(s), 0 Warning(s).
compiling main.c...
MAIN.C(29): error C141: syntax error near '^'
MAIN.C(31): error C141: syntax error near '}'
MAIN.C(39): error C141: syntax error near 'P0'
main.c - 3 Error(s), 0 Warning(s).
Build target '目标 1'
compiling main.c...
MAIN.C(29): error C141: syntax error near '^'
MAIN.C(40): error C141: syntax error near 'while'
compiling delay.c...
DELAY.C(5): error C202: 'uint': undefined identifier
DELAY.C(5): error C141: syntax error near 'x'
DELAY.C(6): error C202: 'x': undefined identifier
DELAY.C(7): error C202: 'y': undefined identifier
目标未创建
compiling main.c...
MAIN.C(29): error C141: syntax error near '^'
MAIN.C(40): error C141: syntax error near 'while'
main.c - 2 Error(s), 0 Warning(s).
compiling main.c...
MAIN.C(29): error C141: syntax error near '^'
main.c - 1 Error(s), 0 Warning(s).
compiling main.c...
main.c - 0 Error(s), 0 Warning(s).
Build target '目标 1'
compiling delay.c...
DELAY.C(5): error C202: 'uint': undefined identifier
DELAY.C(5): error C141: syntax error near 'x'
DELAY.C(6): error C202: 'x': undefined identifier
DELAY.C(7): error C202: 'y': undefined identifier
目标未创建
compiling main.c...
main.c - 0 Error(s), 0 Warning(s).
Build target '目标 1'
compiling delay.c...
DELAY.C(5): error C202: 'uint': undefined identifier
DELAY.C(5): error C141: syntax error near 'x'
DELAY.C(6): error C202: 'x': undefined identifier
DELAY.C(7): error C202: 'y': undefined identifier
目标未创建
compiling delay.c...
DELAY.C(5): error C202: 'usigned': undefined identifier
DELAY.C(5): error C141: syntax error near 'char'
DELAY.C(6): error C202: 'x': undefined identifier
DELAY.C(7): error C202: 'y': undefined identifier
delay.c - 4 Error(s), 0 Warning(s).
Build target '目标 1'
compiling delay.c...
DELAY.C(5): error C202: 'usigned': undefined identifier
DELAY.C(5): error C141: syntax error near 'char'
DELAY.C(6): error C202: 'x': undefined identifier
DELAY.C(7): error C202: 'y': undefined identifier
目标未创建
compiling delay.c...
delay.c - 0 Error(s), 0 Warning(s).
Build target '目标 1'
linking...
*** WARNING L16: UNCALLED SEGMENT, IGNORED FOR OVERLAY PROCESS
    SEGMENT: ?PR?_DELAY?DELAY
Program Size: data=9.0 xdata=0 code=116
creating hex file from "main"...
"main" - 0 Error(s), 1 Warning(s).
Build target '目标 1'
linking...
*** WARNING L16: UNCALLED SEGMENT, IGNORED FOR OVERLAY PROCESS
    SEGMENT: ?PR?_DELAY?DELAY
Program Size: data=9.0 xdata=0 code=116
creating hex file from "main"...
"main" - 0 Error(s), 1 Warning(s).
Build target '目标 1'
compiling main.c...
linking...
Program Size: data=9.0 xdata=0 code=126
creating hex file from "main"...
"main" - 0 Error(s), 0 Warning(s).
Build target '目标 1'
compiling main.c...
linking...
Program Size: data=9.0 xdata=0 code=153
creating hex file from "main"...
"main" - 0 Error(s), 0 Warning(s).
Build target '目标 1'
compiling main.c...
linking...
Program Size: data=9.0 xdata=0 code=153
creating hex file from "main"...
"main" - 0 Error(s), 0 Warning(s).
Build target '目标 1'
compiling delay.c...
linking...
Program Size: data=9.0 xdata=0 code=153
creating hex file from "main"...
"main" - 0 Error(s), 0 Warning(s).
compiling delay.c...
delay.c - 0 Error(s), 0 Warning(s).
Build target '目标 1'
compiling main.c...
linking...
Program Size: data=9.0 xdata=0 code=153
creating hex file from "main"...
"main" - 0 Error(s), 0 Warning(s).
compiling delay.c...
delay.c - 0 Error(s), 0 Warning(s).
Build target '目标 1'
linking...
Program Size: data=9.0 xdata=0 code=153
creating hex file from "main"...
"main" - 0 Error(s), 0 Warning(s).
Build target '目标 1'
compiling delay.c...
DELAY.C(7): warning C206: '_nop_': missing function-prototype
DELAY.C(7): error C264: intrinsic '_nop_': declaration/activation error
目标未创建
compiling delay.c...
DELAY.C(7): warning C206: '_nop_': missing function-prototype
DELAY.C(7): error C264: intrinsic '_nop_': declaration/activation error
delay.c - 1 Error(s), 1 Warning(s).
compiling main.c...
main.c - 0 Error(s), 0 Warning(s).
Build target '目标 1'
compiling main.c...
compiling delay.c...
linking...
Program Size: data=9.0 xdata=0 code=153
creating hex file from "main"...
"main" - 0 Error(s), 0 Warning(s).
Build target '目标 1'
compiling main.c...
linking...
Program Size: data=9.0 xdata=0 code=153
creating hex file from "main"...
"main" - 0 Error(s), 0 Warning(s).
Build target '目标 1'
linking...
Program Size: data=9.0 xdata=0 code=153
creating hex file from "main"...
"main" - 0 Error(s), 0 Warning(s).
Build target '目标 1'
compiling main.c...
linking...
Program Size: data=9.0 xdata=0 code=126
creating hex file from "main"...
"main" - 0 Error(s), 0 Warning(s).
Build target '目标 1'
compiling main.c...
linking...
Program Size: data=9.0 xdata=0 code=126
creating hex file from "main"...
"main" - 0 Error(s), 0 Warning(s).
Build target '目标 1'
compiling main.c...
linking...
Program Size: data=9.0 xdata=0 code=126
creating hex file from "main"...
"main" - 0 Error(s), 0 Warning(s).
compiling main.c...
main.c - 0 Error(s), 0 Warning(s).
Build target '目标 1'
compiling delay.c...
DELAY.C(14): warning C206: '__delay_cycles': missing function-prototype
DELAY.C(14): error C267: '__delay_cycles': requires ANSI-style prototype
目标未创建
Build target '目标 1'
compiling main.c...
compiling delay.c...
linking...
Program Size: data=9.0 xdata=0 code=171
creating hex file from "main"...
"main" - 0 Error(s), 0 Warning(s).
Build target '目标 1'
compiling main.c...
linking...
Program Size: data=9.0 xdata=0 code=171
creating hex file from "main"...
"main" - 0 Error(s), 0 Warning(s).
Build target '目标 1'
compiling main.c...
linking...
Program Size: data=9.0 xdata=0 code=168
creating hex file from "main"...
"main" - 0 Error(s), 0 Warning(s).
Build target '目标 1'
compiling main.c...
linking...
Program Size: data=9.0 xdata=0 code=204
creating hex file from "main"...
"main" - 0 Error(s), 0 Warning(s).
Build target '目标 1'
compiling main.c...
linking...
Program Size: data=9.0 xdata=0 code=204
creating hex file from "main"...
"main" - 0 Error(s), 0 Warning(s).
compiling main.c...
MAIN.C(30): error C202: 'p0': undefined identifier
MAIN.C(30): error C141: syntax error near '='
MAIN.C(32): error C202: 'p0': undefined identifier
MAIN.C(32): error C141: syntax error near '='
main.c - 4 Error(s), 0 Warning(s).
compiling main.c...
MAIN.C(30): error C202: 'p0': undefined identifier
MAIN.C(32): error C202: 'p0': undefined identifier
main.c - 2 Error(s), 0 Warning(s).
Build target '目标 1'
compiling main.c...
MAIN.C(30): error C202: 'p0': undefined identifier
MAIN.C(32): error C202: 'p0': undefined identifier
目标未创建
compiling main.c...
main.c - 0 Error(s), 0 Warning(s).
